Daemon process terminated and closed the connection

Messages from the log:
[NX Daemon Server] - 2024-10-01T01:15:45.318Z - [REQUEST]: 
[NX Daemon Server] - 2024-10-01T01:15:45.318Z - [REQUEST]: 
[NX Daemon Server] - 2024-10-01T01:15:45.376Z - [REQUEST]: Responding to the client. project-graph
[NX Daemon Server] - 2024-10-01T01:15:45.378Z - Time taken for 'total for creating and serializing project graph' 184.71720000000002ms
[NX Daemon Server] - 2024-10-01T01:15:45.379Z - [WATCHER]: Processing file changes in outputs
[NX Daemon Server] - 2024-10-01T01:15:45.381Z - [WATCHER]: .nx/workspace-data/d/daemon.log was modified
[NX Daemon Server] - 2024-10-01T01:15:45.381Z - Done responding to the client project-graph
[NX Daemon Server] - 2024-10-01T01:15:45.381Z - Handled REQUEST_PROJECT_GRAPH. Handling time: 185. Response time: 5.
[NX Daemon Server] - 2024-10-01T01:15:45.382Z - [REQUEST]: Responding to the client with an error. Invalid payload from the client Unsupported payload sent to daemon server: {"type":"GET_CONTEXT_FILE_DATA"}
Error: Unsupported payload sent to daemon server: {"type":"GET_CONTEXT_FILE_DATA"}
    at handleMessage (d:\Projects\postybirb\v4\postybirb\node_modules\nx\src\daemon\server\server.js:106:104)
    at d:\Projects\postybirb\v4\postybirb\node_modules\nx\src\daemon\server\server.js:45:15
    at Socket.<anonymous> (d:\Projects\postybirb\v4\postybirb\node_modules\nx\src\utils\consume-messages-from-socket.js:13:17)
    at Socket.emit (node:events:519:28)
    at addChunk (node:internal/streams/readable:559:12)
    at readableAddChunkPushByteMode (node:internal/streams/readable:510:3)
    at Readable.push (node:internal/streams/readable:390:5)
    at Pipe.onStreamRead (node:internal/stream_base_commons:191:23)
[NX Daemon Server] - 2024-10-01T01:15:45.383Z - Done responding to the client null



More information: d:\Projects\postybirb\v4\postybirb\.nx\workspace-data\d\daemon.log